# JRE version: OpenJDK Runtime Environment (16.0.2+7) (build 16.0.2+7-67)
# Java VM: OpenJDK 64-Bit Server VM (16.0.2+7-67, mixed mode, tiered, compressed oops, compressed class ptrs, g1 gc, windows-amd64)
GC Precious Log:
 CPUs: 4 total, 4 available
 Memory: 7948M
 Large Page Support: Disabled
 NUMA Support: Disabled
 Compressed Oops: Enabled (32-bit)
 Heap Region Size: 1M
 Heap Min Capacity: 8M
 Heap Initial Capacity: 126M
 Heap Max Capacity: 1988M
 Pre-touch: Disabled
 Parallel Workers: 4
 Concurrent Workers: 1
 Concurrent Refinement Workers: 4
 Periodic GC: Disabled
Heap:
 garbage-first heap   total 147456K, used 100331K [0x0000000083c00000, 0x0000000100000000)
  region size 1024K, 82 young (83968K), 1 survivors (1024K)
 Metaspace       used 53692K, committed 53952K, reserved 1097728K
  class space    used 6598K, committed 6720K, reserved 1048576K
GC Heap History (20 events):
Event: 5.658 GC heap before
{Heap before GC invocations=5 (full 0):
 garbage-first heap   total 45056K, used 44111K [0x0000000083c00000, 0x0000000100000000)
  region size 1024K, 36 young (36864K), 3 survivors (3072K)
 Metaspace       used 26227K, committed 26432K, reserved 1073152K
  class space    used 2953K, committed 3072K, reserved 1048576K
}
Event: 5.664 GC heap after
{Heap after GC invocations=6 (full 0):
 garbage-first heap   total 49152K, used 11676K [0x0000000083c00000, 0x0000000100000000)
  region size 1024K, 4 young (4096K), 4 survivors (4096K)
 Metaspace       used 26227K, committed 26432K, reserved 1073152K
  class space    used 2953K, committed 3072K, reserved 1048576K
}
Event: 5.669 GC heap before
{Heap before GC invocations=6 (full 0):
 garbage-first heap   total 49152K, used 32156K [0x0000000083c00000, 0x0000000100000000)
  region size 1024K, 25 young (25600K), 4 survivors (4096K)
 Metaspace       used 26246K, committed 26432K, reserved 1073152K
  class space    used 2957K, committed 3072K, reserved 1048576K
}
Event: 5.674 GC heap after
{Heap after GC invocations=7 (full 0):
 garbage-first heap   total 49152K, used 11624K [0x0000000083c00000, 0x0000000100000000)
  region size 1024K, 2 young (2048K), 2 survivors (2048K)
 Metaspace       used 26246K, committed 26432K, reserved 1073152K
  class space    used 2957K, committed 3072K, reserved 1048576K
}
Event: 6.557 GC heap before
{Heap before GC invocations=7 (full 0):
 garbage-first heap   total 49152K, used 34152K [0x0000000083c00000, 0x0000000100000000)
  region size 1024K, 25 young (25600K), 2 survivors (2048K)
 Metaspace       used 28127K, committed 28352K, reserved 1081344K
  class space    used 3149K, committed 3264K, reserved 1048576K
}
Event: 6.560 GC heap after
{Heap after GC invocations=8 (full 0):
 garbage-first heap   total 49152K, used 12524K [0x0000000083c00000, 0x0000000100000000)
  region size 1024K, 3 young (3072K), 3 survivors (3072K)
 Metaspace       used 28127K, committed 28352K, reserved 1081344K
  class space    used 3149K, committed 3264K, reserved 1048576K
}
Event: 7.178 GC heap before
{Heap before GC invocations=8 (full 0):
 garbage-first heap   total 49152K, used 36076K [0x0000000083c00000, 0x0000000100000000)
  region size 1024K, 26 young (26624K), 3 survivors (3072K)
 Metaspace       used 28918K, committed 29120K, reserved 1081344K
  class space    used 3236K, committed 3328K, reserved 1048576K
}
Event: 7.184 GC heap after
{Heap after GC invocations=9 (full 0):
 garbage-first heap   total 49152K, used 13543K [0x0000000083c00000, 0x0000000100000000)
  region size 1024K, 3 young (3072K), 3 survivors (3072K)
 Metaspace       used 28918K, committed 29120K, reserved 1081344K
  class space    used 3236K, committed 3328K, reserved 1048576K
}
Event: 8.023 GC heap before
{Heap before GC invocations=9 (full 0):
 garbage-first heap   total 49152K, used 36071K [0x0000000083c00000, 0x0000000100000000)
  region size 1024K, 25 young (25600K), 3 survivors (3072K)
 Metaspace       used 31805K, committed 32000K, reserved 1081344K
  class space    used 3628K, committed 3712K, reserved 1048576K
}
Event: 8.029 GC heap after
{Heap after GC invocations=10 (full 0):
 garbage-first heap   total 49152K, used 14723K [0x0000000083c00000, 0x0000000100000000)
  region size 1024K, 4 young (4096K), 4 survivors (4096K)
 Metaspace       used 31805K, committed 32000K, reserved 1081344K
  class space    used 3628K, committed 3712K, reserved 1048576K
}
Event: 9.003 GC heap before
{Heap before GC invocations=10 (full 0):
 garbage-first heap   total 49152K, used 34179K [0x0000000083c00000, 0x0000000100000000)
  region size 1024K, 24 young (24576K), 4 survivors (4096K)
 Metaspace       used 35533K, committed 35776K, reserved 1081344K
  class space    used 4099K, committed 4224K, reserved 1048576K
}
Event: 9.011 GC heap after
{Heap after GC invocations=11 (full 0):
 garbage-first heap   total 49152K, used 16134K [0x0000000083c00000, 0x0000000100000000)
  region size 1024K, 3 young (3072K), 3 survivors (3072K)
 Metaspace       used 35533K, committed 35776K, reserved 1081344K
  class space    used 4099K, committed 4224K, reserved 1048576K
}
Event: 10.033 GC heap before
{Heap before GC invocations=12 (full 0):
 garbage-first heap   total 49152K, used 37638K [0x0000000083c00000, 0x0000000100000000)
  region size 1024K, 24 young (24576K), 3 survivors (3072K)
 Metaspace       used 39772K, committed 40064K, reserved 1089536K
  class space    used 4615K, committed 4736K, reserved 1048576K
}
Event: 10.042 GC heap after
{Heap after GC invocations=13 (full 0):
 garbage-first heap   total 49152K, used 18972K [0x0000000083c00000, 0x0000000100000000)
  region size 1024K, 3 young (3072K), 3 survivors (3072K)
 Metaspace       used 39772K, committed 40064K, reserved 1089536K
  class space    used 4615K, committed 4736K, reserved 1048576K
}
Event: 10.046 GC heap before
{Heap before GC invocations=13 (full 0):
 garbage-first heap   total 49152K, used 35356K [0x0000000083c00000, 0x0000000100000000)
  region size 1024K, 20 young (20480K), 3 survivors (3072K)
 Metaspace       used 39772K, committed 40064K, reserved 1089536K
  class space    used 4615K, committed 4736K, reserved 1048576K
}
Event: 10.051 GC heap after
{Heap after GC invocations=14 (full 0):
 garbage-first heap   total 49152K, used 19654K [0x0000000083c00000, 0x0000000100000000)
  region size 1024K, 1 young (1024K), 1 survivors (1024K)
 Metaspace       used 39772K, committed 40064K, reserved 1089536K
  class space    used 4615K, committed 4736K, reserved 1048576K
}
Event: 10.053 GC heap before
{Heap before GC invocations=14 (full 0):
 garbage-first heap   total 49152K, used 36038K [0x0000000083c00000, 0x0000000100000000)
  region size 1024K, 18 young (18432K), 1 survivors (1024K)
 Metaspace       used 39772K, committed 40064K, reserved 1089536K
  class space    used 4615K, committed 4736K, reserved 1048576K
}
Event: 10.054 GC heap after
{Heap after GC invocations=15 (full 0):
 garbage-first heap   total 49152K, used 19345K [0x0000000083c00000, 0x0000000100000000)
  region size 1024K, 1 young (1024K), 1 survivors (1024K)
 Metaspace       used 39772K, committed 40064K, reserved 1089536K
  class space    used 4615K, committed 4736K, reserved 1048576K
}
Event: 10.079 GC heap before
{Heap before GC invocations=15 (full 0):
 garbage-first heap   total 49152K, used 36753K [0x0000000083c00000, 0x0000000100000000)
  region size 1024K, 19 young (19456K), 1 survivors (1024K)
 Metaspace       used 39794K, committed 40128K, reserved 1089536K
  class space    used 4615K, committed 4736K, reserved 1048576K
}
Event: 10.080 GC heap after
{Heap after GC invocations=16 (full 0):
 garbage-first heap   total 147456K, used 19435K [0x0000000083c00000, 0x0000000100000000)
  region size 1024K, 1 young (1024K), 1 survivors (1024K)
 Metaspace       used 39794K, committed 40128K, reserved 1089536K
  class space    used 4615K, committed 4736K, reserved 1048576K
}

